-------------------------------------------------------------------------------
Test set: com.zensar.SpringBootProductApplicationTests
-------------------------------------------------------------------------------
Tests run: 1, Failures: 0, Errors: 1, Skipped: 0, Time elapsed: 0.311 s <<< FAILURE! - in com.zensar.SpringBootProductApplicationTests
com.zensar.SpringBootProductApplicationTests  Time elapsed: 0.31 s  <<< ERROR!
java.lang.IllegalStateException: Unable to find a @SpringBootConfiguration, you need to use @ContextConfiguration or @SpringBootTest(classes=...) with your test

