<?xml version="1.0" encoding="UTF-8"?>
<testsuite xmlns:xsi="http://www.w3.org/2001/XMLSchema-instance" xsi:noNamespaceSchemaLocation="https://maven.apache.org/surefire/maven-surefire-plugin/xsd/surefire-test-report.xsd" name="com.zensar.SpringBootProductApplicationTests" time="0.311" tests="1" errors="1" skipped="0" failures="0">
  <properties>
[...]
</properties>
  <testcase name="com.zensar.SpringBootProductApplicationTests" classname="com.zensar.SpringBootProductApplicationTests" time="0.31">
    <error message="Unable to find a @SpringBootConfiguration, you need to use @ContextConfiguration or @SpringBootTest(classes=...) with your test" type="java.lang.IllegalStateException">java.lang.IllegalStateException: Unable to find a @SpringBootConfiguration, you need to use @ContextConfiguration or @SpringBootTest(classes=...) with your test
</error>
    <system-out><![CDATA[15:37:15.874 [main] DEBUG org.springframework.test.context.BootstrapUtils - Instantiating CacheAwareContextLoaderDelegate from class [org.springframework.test.context.cache.DefaultCacheAwareContextLoaderDelegate]
15:37:15.888 [main] DEBUG org.springframework.test.context.BootstrapUtils - Instantiating BootstrapContext using constructor [public org.springframework.test.context.support.DefaultBootstrapContext(java.lang.Class,org.springframework.test.context.CacheAwareContextLoaderDelegate)]
15:37:15.936 [main] DEBUG org.springframework.test.context.BootstrapUtils - Instantiating TestContextBootstrapper for test class [com.zensar.SpringBootProductApplicationTests] from class [org.springframework.boot.test.context.SpringBootTestContextBootstrapper]
15:37:15.956 [main] INFO org.springframework.boot.test.context.SpringBootTestContextBootstrapper - Neither @ContextConfiguration nor @ContextHierarchy found for test class [com.zensar.SpringBootProductApplicationTests], using SpringBootContextLoader
15:37:15.961 [main] DEBUG org.springframework.test.context.support.AbstractContextLoader - Did not detect default resource location for test class [com.zensar.SpringBootProductApplicationTests]: class path resource [com/zensar/SpringBootProductApplicationTests-context.xml] does not exist
15:37:15.961 [main] DEBUG org.springframework.test.context.support.AbstractContextLoader - Did not detect default resource location for test class [com.zensar.SpringBootProductApplicationTests]: class path resource [com/zensar/SpringBootProductApplicationTestsContext.groovy] does not exist
15:37:15.961 [main] INFO org.springframework.test.context.support.AbstractContextLoader - Could not detect default resource locations for test class [com.zensar.SpringBootProductApplicationTests]: no resource found for suffixes {-context.xml, Context.groovy}.
15:37:15.962 [main] INFO org.springframework.test.context.support.AnnotationConfigContextLoaderUtils - Could not detect default configuration classes for test class [com.zensar.SpringBootProductApplicationTests]: SpringBootProductApplicationTests does not declare any static, non-private, non-final, nested classes annotated with @Configuration.
15:37:16.017 [main] DEBUG org.springframework.test.context.support.ActiveProfilesUtils - Could not find an 'annotation declaring class' for annotation type [org.springframework.test.context.ActiveProfiles] and class [com.zensar.SpringBootProductApplicationTests]
]]></system-out>
  </testcase>
</testsuite>